<?xml version="1.0" encoding="UTF-8"?>
<!-- Generated by org.testng.reporters.JUnitReportReporter -->
<testsuite hostname="CIR-L002" name="Organizations" tests="1" failures="0" timestamp="10 Jul 2015 08:19:49 GMT" time="4.354" errors="0">
  <testcase name="testRest" time="4.354" classname="Organizations"/>
</testsuite> <!-- Organizations -->
