<?xml version="1.0" encoding="UTF-8"?>
<!-- Generated by org.testng.reporters.JUnitReportReporter -->
<testsuite hostname="CIR-L002" name="ReactTry" tests="1" failures="0" timestamp="6 Jul 2015 10:48:11 GMT" time="34.370" errors="0">
  <testcase name="loginPage" time="34.370" classname="ReactTry"/>
</testsuite> <!-- ReactTry -->
